Using pre-set license
Built from '2020.3/staging' branch; Version is '2020.3.16f1 (049d6eca3c44) revision 302446'; Using compiler version '192528614'; Build Type 'Release'
OS: 'Windows 10 Education; OS build 19043.1165; Version 2009; 64bit' Language: 'en' Physical Memory: 16284 MB
BatchMode: 1, IsHumanControllingUs: 0, StartBugReporterOnCrash: 0, Is64bit: 1, IsPro: 0

 COMMAND LINE ARGUMENTS:
C:\Program Files\Unity\Hub\Editor\2020.3.16f1\Editor\Unity.exe
-adb2
-batchMode
-noUpm
-name
AssetImportWorker0
-projectPath
C:/Users/Donovan/Documents/Unity Projects/StateMachines
-logFile
Logs/AssetImportWorker0.log
-srvPort
52885
Successfully changed project path to: C:/Users/Donovan/Documents/Unity Projects/StateMachines
C:/Users/Donovan/Documents/Unity Projects/StateMachines
Using Asset Import Pipeline V2.
Refreshing native plugins compatible for Editor in 39.06 ms, found 2 plugins.
Preloading 0 native plugins for Editor in 0.00 ms.
Initialize engine version: 2020.3.16f1 (049d6eca3c44)
[Subsystems] Discovering subsystems at path C:/Program Files/Unity/Hub/Editor/2020.3.16f1/Editor/Data/Resources/UnitySubsystems
[Subsystems] Discovering subsystems at path C:/Users/Donovan/Documents/Unity Projects/StateMachines/Assets
GfxDevice: creating device client; threaded=0
Direct3D:
    Version:  Direct3D 11.0 [level 11.1]
    Renderer: NVIDIA GeForce GTX 1060 with Max-Q Design (ID=0x1c20)
    Vendor:   
    VRAM:     6052 MB
    Driver:   30.0.14.7168
Initialize mono
Mono path[0] = 'C:/Program Files/Unity/Hub/Editor/2020.3.16f1/Editor/Data/Managed'
Mono path[1] = 'C:/Program Files/Unity/Hub/Editor/2020.3.16f1/Editor/Data/MonoBleedingEdge/lib/mono/unityjit'
Mono config path = 'C:/Program Files/Unity/Hub/Editor/2020.3.16f1/Editor/Data/MonoBleedingEdge/etc'
Using monoOptions --debugger-agent=transport=dt_socket,embedding=1,server=y,suspend=n,address=127.0.0.1:56488
Begin MonoManager ReloadAssembly
Registering precompiled unity dll's ...
Register platform support module: C:/Program Files/Unity/Hub/Editor/2020.3.16f1/Editor/Data/PlaybackEngines/WindowsStandaloneSupport/UnityEditor.WindowsStandalone.Extensions.dll
Registered in 0.002801 seconds.
Native extension for WindowsStandalone target not found
Refreshing native plugins compatible for Editor in 39.25 ms, found 2 plugins.
Preloading 0 native plugins for Editor in 0.00 ms.
Mono: successfully reloaded assembly
- Completed reload, in  1.392 seconds
Domain Reload Profiling:
	ReloadAssembly (1393ms)
		BeginReloadAssembly (72ms)
			ExecutionOrderSort (0ms)
			DisableScriptedObjects (0ms)
			BackupInstance (0ms)
			ReleaseScriptingObjects (0ms)
			CreateAndSetChildDomain (1ms)
		EndReloadAssembly (602ms)
			LoadAssemblies (68ms)
			RebuildTransferFunctionScriptingTraits (0ms)
			SetupTypeCache (193ms)
			ReleaseScriptCaches (0ms)
			RebuildScriptCaches (38ms)
			SetupLoadedEditorAssemblies (280ms)
				LogAssemblyErrors (0ms)
				InitializePlatformSupportModulesInManaged (5ms)
				SetLoadedEditorAssemblies (0ms)
				RefreshPlugins (39ms)
				BeforeProcessingInitializeOnLoad (20ms)
				ProcessInitializeOnLoadAttributes (158ms)
				ProcessInitializeOnLoadMethodAttributes (57ms)
				AfterProcessingInitializeOnLoad (0ms)
				EditorAssembliesLoaded (0ms)
			ExecutionOrderSort2 (0ms)
			AwakeInstancesAfterBackupRestoration (0ms)
Platform modules already initialized, skipping
Registering precompiled user dll's ...
Registered in 0.008831 seconds.
Begin MonoManager ReloadAssembly
Native extension for WindowsStandalone target not found
Refreshing native plugins compatible for Editor in 0.36 ms, found 2 plugins.
Preloading 0 native plugins for Editor in 0.00 ms.
Mono: successfully reloaded assembly
- Completed reload, in  1.372 seconds
Domain Reload Profiling:
	ReloadAssembly (1373ms)
		BeginReloadAssembly (197ms)
			ExecutionOrderSort (0ms)
			DisableScriptedObjects (8ms)
			BackupInstance (0ms)
			ReleaseScriptingObjects (0ms)
			CreateAndSetChildDomain (23ms)
		EndReloadAssembly (1087ms)
			LoadAssemblies (113ms)
			RebuildTransferFunctionScriptingTraits (0ms)
			SetupTypeCache (333ms)
			ReleaseScriptCaches (0ms)
			RebuildScriptCaches (57ms)
			SetupLoadedEditorAssemblies (463ms)
				LogAssemblyErrors (0ms)
				InitializePlatformSupportModulesInManaged (6ms)
				SetLoadedEditorAssemblies (1ms)
				RefreshPlugins (0ms)
				BeforeProcessingInitializeOnLoad (112ms)
				ProcessInitializeOnLoadAttributes (329ms)
				ProcessInitializeOnLoadMethodAttributes (5ms)
				AfterProcessingInitializeOnLoad (9ms)
				EditorAssembliesLoaded (0ms)
			ExecutionOrderSort2 (0ms)
			AwakeInstancesAfterBackupRestoration (8ms)
Platform modules already initialized, skipping
========================================================================
Worker process is ready to serve import requests
Launched and connected shader compiler UnityShaderCompiler.exe after 0.09 seconds
Refreshing native plugins compatible for Editor in 0.38 ms, found 2 plugins.
Preloading 0 native plugins for Editor in 0.00 ms.
Unloading 1485 Unused Serialized files (Serialized files now loaded: 0)
System memory in use before: 68.0 MB.
System memory in use after: 44.9 MB.

Unloading 17 unused Assets to reduce memory usage. Loaded Objects now: 1919.
Total: 4.395600 ms (FindLiveObjects: 0.181800 ms CreateObjectMapping: 0.060900 ms MarkObjects: 4.069700 ms  DeleteObjects: 0.082000 ms)

AssetImportParameters requested are different than current active one (requested -> active):
  custom:framework-win-MediaFoundation: 216162199b28c13a410421893ffa2e32 -> 
  custom:video-decoder-ogg-theora: a1e56fd34408186e4bbccfd4996cb3dc -> 
  custom:container-muxer-webm: aa71ff27fc2769a1b78a27578f13a17b -> 
  custom:container-demuxer-webm: 4f35f7cbe854078d1ac9338744f61a02 -> 
  custom:container-demuxer-ogg: 62fdf1f143b41e24485cea50d1cbac27 -> 
  custom:video-encoder-webm-vp8: eb34c28f22e8b96e1ab97ce403110664 -> 
  custom:video-decoder-webm-vp8: 9c59270c3fd7afecdb556c50c9e8de78 -> 
  custom:audio-decoder-ogg-vorbis: bf7c407c2cedff20999df2af8eb42d56 -> 
  custom:audio-encoder-webm-vorbis: bf7c407c2cedff20999df2af8eb42d56 -> 
========================================================================
Received Import Request.
  path: Assets/Group AI Project/Dan's States/NavMeshMaterial.mat
  artifactKey: Guid(ecef4d9be470bbb43a3f15ab1ceea2bc) Importer(815301076,1909f56bfc062723c751e8b465ee728b)
Start importing Assets/Group AI Project/Dan's States/NavMeshMaterial.mat using Guid(ecef4d9be470bbb43a3f15ab1ceea2bc) Importer(815301076,1909f56bfc062723c751e8b465ee728b)  -> (artifact id: '566ccbcf11e24efb61eb95551ae5da5f') in 0.153005 seconds 
  Import took 0.155730 seconds .

========================================================================
Received Import Request.
  Time since last request: 0.000267 seconds.
  path: Assets/Group AI Project/Dan's States/navpoint.prefab
  artifactKey: Guid(3726c3fd05f4f44428ac6d2fe45939af) Importer(815301076,1909f56bfc062723c751e8b465ee728b)
Start importing Assets/Group AI Project/Dan's States/navpoint.prefab using Guid(3726c3fd05f4f44428ac6d2fe45939af) Importer(815301076,1909f56bfc062723c751e8b465ee728b)  -> (artifact id: '8ff5382034b4790bebef436e907b8499') in 0.035195 seconds 
  Import took 0.038421 seconds .

========================================================================
Received Import Request.
  Time since last request: 0.000336 seconds.
  path: Assets/Group AI Project/Dan's States/Player.prefab
  artifactKey: Guid(acf000e0fff150b4c8225e48d592d199) Importer(815301076,1909f56bfc062723c751e8b465ee728b)
Start importing Assets/Group AI Project/Dan's States/Player.prefab using Guid(acf000e0fff150b4c8225e48d592d199) Importer(815301076,1909f56bfc062723c751e8b465ee728b)  -> (artifact id: 'fe230a1d683cc44338eac328474cbd6f') in 0.187265 seconds 
  Import took 0.194343 seconds .

========================================================================
Received Import Request.
  Time since last request: 0.000327 seconds.
  path: Assets/Group AI Project/Dan's States/AI.prefab
  artifactKey: Guid(54af035e3c52b1b4c9044d1675898bcf) Importer(815301076,1909f56bfc062723c751e8b465ee728b)
Start importing Assets/Group AI Project/Dan's States/AI.prefab using Guid(54af035e3c52b1b4c9044d1675898bcf) Importer(815301076,1909f56bfc062723c751e8b465ee728b)  -> (artifact id: 'b5b563f93a45ed9a433d8d06436324fa') in 0.143456 seconds 
  Import took 0.153026 seconds .

========================================================================
Received Import Request.
  Time since last request: 0.000314 seconds.
  path: Assets/Group AI Project/Dan's States/WanderPoint.prefab
  artifactKey: Guid(167c64a07878142489699891a083eac0) Importer(815301076,1909f56bfc062723c751e8b465ee728b)
Start importing Assets/Group AI Project/Dan's States/WanderPoint.prefab using Guid(167c64a07878142489699891a083eac0) Importer(815301076,1909f56bfc062723c751e8b465ee728b)  -> (artifact id: '104372dd02477a044ab591d8bc830b62') in 0.011539 seconds 
  Import took 0.015298 seconds .

========================================================================
Received Import Request.
  Time since last request: 96.937855 seconds.
  path: Assets/Group AI Project/Dan's States/ChaseState1.cs
  artifactKey: Guid(8ab4286639a004b4792aabe60861657c) Importer(815301076,1909f56bfc062723c751e8b465ee728b)
Start importing Assets/Group AI Project/Dan's States/ChaseState1.cs using Guid(8ab4286639a004b4792aabe60861657c) Importer(815301076,1909f56bfc062723c751e8b465ee728b)  -> (artifact id: 'a82f0f51554208e27c4dafdac32b01e7') in 0.021526 seconds 
  Import took 0.025993 seconds .

========================================================================
Received Import Request.
  Time since last request: 16.739624 seconds.
  path: Assets/Group AI Project/Dan's States/SleepState.cs
  artifactKey: Guid(8ab4286639a004b4792aabe60861657c) Importer(815301076,1909f56bfc062723c751e8b465ee728b)
Start importing Assets/Group AI Project/Dan's States/SleepState.cs using Guid(8ab4286639a004b4792aabe60861657c) Importer(815301076,1909f56bfc062723c751e8b465ee728b)  -> (artifact id: '2bc2570e386a0a02036b6ab60c914dc4') in 0.012263 seconds 
  Import took 0.015956 seconds .

========================================================================
Received Prepare
Registering precompiled user dll's ...
Registered in 0.005471 seconds.
Begin MonoManager ReloadAssembly
Native extension for WindowsStandalone target not found
Refreshing native plugins compatible for Editor in 0.37 ms, found 2 plugins.
Preloading 0 native plugins for Editor in 0.00 ms.
Mono: successfully reloaded assembly
- Completed reload, in  1.445 seconds
Domain Reload Profiling:
	ReloadAssembly (1446ms)
		BeginReloadAssembly (151ms)
			ExecutionOrderSort (0ms)
			DisableScriptedObjects (5ms)
			BackupInstance (0ms)
			ReleaseScriptingObjects (0ms)
			CreateAndSetChildDomain (41ms)
		EndReloadAssembly (1207ms)
			LoadAssemblies (120ms)
			RebuildTransferFunctionScriptingTraits (0ms)
			SetupTypeCache (369ms)
			ReleaseScriptCaches (1ms)
			RebuildScriptCaches (52ms)
			SetupLoadedEditorAssemblies (516ms)
				LogAssemblyErrors (0ms)
				InitializePlatformSupportModulesInManaged (6ms)
				SetLoadedEditorAssemblies (1ms)
				RefreshPlugins (0ms)
				BeforeProcessingInitializeOnLoad (106ms)
				ProcessInitializeOnLoadAttributes (379ms)
				ProcessInitializeOnLoadMethodAttributes (7ms)
				AfterProcessingInitializeOnLoad (16ms)
				EditorAssembliesLoaded (0ms)
			ExecutionOrderSort2 (0ms)
			AwakeInstancesAfterBackupRestoration (16ms)
Platform modules already initialized, skipping
Refreshing native plugins compatible for Editor in 0.79 ms, found 2 plugins.
Preloading 0 native plugins for Editor in 0.00 ms.
Unloading 1480 Unused Serialized files (Serialized files now loaded: 0)
System memory in use before: 71.4 MB.
System memory in use after: 71.5 MB.

Unloading 14 unused Assets to reduce memory usage. Loaded Objects now: 1964.
Total: 4.552300 ms (FindLiveObjects: 0.312200 ms CreateObjectMapping: 0.103300 ms MarkObjects: 4.099400 ms  DeleteObjects: 0.035000 ms)

AssetImportParameters requested are different than current active one (requested -> active):
  custom:framework-win-MediaFoundation: 216162199b28c13a410421893ffa2e32 -> 
  custom:video-decoder-ogg-theora: a1e56fd34408186e4bbccfd4996cb3dc -> 
  custom:container-muxer-webm: aa71ff27fc2769a1b78a27578f13a17b -> 
  custom:container-demuxer-webm: 4f35f7cbe854078d1ac9338744f61a02 -> 
  custom:container-demuxer-ogg: 62fdf1f143b41e24485cea50d1cbac27 -> 
  custom:video-encoder-webm-vp8: eb34c28f22e8b96e1ab97ce403110664 -> 
  custom:video-decoder-webm-vp8: 9c59270c3fd7afecdb556c50c9e8de78 -> 
  custom:audio-decoder-ogg-vorbis: bf7c407c2cedff20999df2af8eb42d56 -> 
  custom:audio-encoder-webm-vorbis: bf7c407c2cedff20999df2af8eb42d56 -> 
========================================================================
Received Import Request.
  Time since last request: 104.810418 seconds.
  path: Assets/Group AI Project/Dan's States/SleepState.cs
  artifactKey: Guid(8ab4286639a004b4792aabe60861657c) Importer(815301076,1909f56bfc062723c751e8b465ee728b)
Start importing Assets/Group AI Project/Dan's States/SleepState.cs using Guid(8ab4286639a004b4792aabe60861657c) Importer(815301076,1909f56bfc062723c751e8b465ee728b)  -> (artifact id: '01eca25d98600c054f45043f3e89a9ff') in 0.010148 seconds 
  Import took 0.014525 seconds .

========================================================================
Received Import Request.
  Time since last request: 230.279085 seconds.
  path: Assets/Group AI Project/Dan's States/PatrolState.cs
  artifactKey: Guid(c6b26b5848888154b97b166b797900ac) Importer(815301076,1909f56bfc062723c751e8b465ee728b)
Start importing Assets/Group AI Project/Dan's States/PatrolState.cs using Guid(c6b26b5848888154b97b166b797900ac) Importer(815301076,1909f56bfc062723c751e8b465ee728b)  -> (artifact id: 'caf5ec3cf05e40b35f09a01b44cf0e10') in 0.009027 seconds 
  Import took 0.012444 seconds .

AssetImportWorkerClient::OnTransportError - code=2 error=End of file
